<?xml version="1.0" encoding="UTF-8"?>
<!-- Generated by org.testng.reporters.JUnitXMLReporter -->
<testsuite ignored="0" hostname="DESKTOP-24BD3SI" failures="0" tests="4" name="TestRunner-Firefox" time="215.27" errors="0" timestamp="2025-01-21T12:42:50 IST">
  <testcase classname="com.comcast.crm.contacttest.CreateContatTestWithBaseClass" name="createContactTest" time="59.157"/>
  <testcase classname="com.comcast.crm.contacttest.CreateContatTestWithBaseClass" name="createContactWithOrgTest" time="42.839"/>
  <testcase classname="com.comcast.crm.contacttest.CreateContatTestWithBaseClass" name="createContactWithSupportDateTest" time="21.015"/>
  <testcase classname="com.comcast.crm.orgtest.CreateOrganizationTest2" name="createOrganization" time="40.343"/>
</testsuite> <!-- TestRunner-Firefox -->
