<?xml version="1.0" encoding="UTF-8"?>
<!-- Generated by org.testng.reporters.JUnitXMLReporter -->
<testsuite ignored="0" hostname="DESKTOP-24BD3SI" failures="0" tests="4" name="TestRunner-Chrome" time="212.043" errors="0" timestamp="2025-01-21T12:42:47 IST">
  <testcase classname="com.comcast.crm.contacttest.CreateContatTestWithBaseClass" name="createContactTest" time="46.781"/>
  <testcase classname="com.comcast.crm.contacttest.CreateContatTestWithBaseClass" name="createContactWithOrgTest" time="43.346"/>
  <testcase classname="com.comcast.crm.contacttest.CreateContatTestWithBaseClass" name="createContactWithSupportDateTest" time="22.046"/>
  <testcase classname="com.comcast.crm.orgtest.CreateOrganizationTest2" name="createOrganization" time="41.649"/>
</testsuite> <!-- TestRunner-Chrome -->
