<?xml version="1.0" encoding="UTF-8"?>
<!-- Generated by org.testng.reporters.JUnitXMLReporter -->
<testsuite ignored="1" hostname="DESKTOP-24BD3SI" failures="1" tests="1" name="Test(failed)" time="9.681" errors="0" timestamp="2025-01-22T14:27:34 IST">
  <testcase classname="com.practice.test.InvoiceTest" name="createInvoice" time="0.107">
    <failure type="java.lang.AssertionError" message="expected [Login] but found [Administrator - Home - vtiger CRM 5 - Commercial Open Source CRM]">
      <![CDATA[java.lang.AssertionError: expected [Login] but found [Administrator - Home - vtiger CRM 5 - Commercial Open Source CRM]
at com.practice.test.InvoiceTest.createInvoice(InvoiceTest.java:15)
at java.base/java.util.ArrayList.forEach(ArrayList.java:1597)
... Removed 31 stack frames]]>
    </failure>
  </testcase> <!-- createInvoice -->
  <testcase classname="com.practice.test.InvoiceTest" name="createInvoiceWithContactTest" time="0.0">
    <ignored/>
  </testcase> <!-- createInvoiceWithContactTest -->
</testsuite> <!-- Test(failed) -->
